0 verbose cli C:\Program Files\nodejs\node.exe C:\Users\pc\AppData\Roaming\npm\node_modules\npm\bin\npm-cli.js
1 info using npm@11.7.0
2 info using node@v22.17.1
3 silly config load:file:C:\Users\pc\AppData\Roaming\npm\node_modules\npm\npmrc
4 silly config load:file:F:\SH\cloud\.npmrc
5 silly config load:file:C:\Users\pc\.npmrc
6 silly config load:file:C:\Users\pc\AppData\Roaming\npm\etc\npmrc
7 verbose title npm run build
8 verbose argv "run" "build"
9 verbose logfile logs-max:10 dir:F:\SH\cloud\.npm-cache\_logs\2026-05-24T11_38_20_071Z-
10 verbose logfile F:\SH\cloud\.npm-cache\_logs\2026-05-24T11_38_20_071Z-debug-0.log
11 silly logfile done cleaning log files
12 http fetch GET https://registry.npmjs.org/npm attempt 1 failed with ECONNREFUSED
13 http fetch GET https://registry.npmjs.org/npm attempt 2 failed with ECONNREFUSED
14 http fetch GET https://registry.npmjs.org/npm attempt 3 failed with ECONNREFUSED
15 verbose cwd F:\SH\cloud
16 verbose os Windows_NT 10.0.22621
17 verbose node v22.17.1
18 verbose npm  v11.7.0
19 verbose exit 1
20 verbose code 1
